<?xml version="1.0" encoding="UTF-8"?>
<!-- Generated by org.testng.reporters.JUnitReportReporter -->
<testsuite hostname="192.168.1.15" failures="0" tests="2" name="runner.TestRunner" time="161.209" errors="0" timestamp="2025-03-20T00:39:46 IST" skipped="0">
  <testcase classname="runner.TestRunner" name="runScenario" time="60.285"/>
  <system-out/>
  <testcase classname="runner.TestRunner" name="runScenario" time="100.924"/>
  <system-out/>
</testsuite> <!-- runner.TestRunner -->
