<?xml version="1.0" encoding="UTF-8"?>
<!-- Generated by org.testng.reporters.JUnitReportReporter -->
<testsuite hostname="sakthis-MacBook-Air.local" failures="0" tests="1" name="runner.TestRunner" time="103.463" errors="0" timestamp="2025-03-19T12:52:35 IST" skipped="0">
  <testcase classname="runner.TestRunner" name="runScenario" time="103.463"/>
  <system-out/>
</testsuite> <!-- runner.TestRunner -->
